\BOOKMARK [1][-]{Dedication.1}{Dedication}{}% 1
\BOOKMARK [1][-]{Abstract.1}{Abstract}{}% 2
\BOOKMARK [1][-]{acknowledgments.1}{Acknowledgments}{}% 3
\BOOKMARK [1][-]{tableofcontents.1}{Contents}{}% 4
\BOOKMARK [1][-]{lof.1}{List\040of\040Figures}{}% 5
\BOOKMARK [1][-]{lot.1}{List\040of\040Tables}{}% 6
\BOOKMARK [1][-]{lol.1}{Listings}{}% 7
\BOOKMARK [1][-]{acronyms.1}{Acronyms}{}% 8
\BOOKMARK [-1][]{part.1}{Mock\040Roles,\040Not\040Objects}{}% 9
\BOOKMARK [0][]{chapter.1}{1\040Introduction}{part.1}% 10
\BOOKMARK [0][]{chapter.2}{2\040Programming\040to\040Interfaces}{part.1}% 11
\BOOKMARK [0][]{chapter.3}{3 Test–Driven Design}{part.1}% 12
\BOOKMARK [0][]{chapter.4}{4 Wishful Thinking—Driving Design With Mock Objects}{part.1}% 13
\BOOKMARK [0][]{chapter.5}{5\040Mocking\040Roles\040in\040Interpreted\040Languages}{part.1}% 14
\BOOKMARK [-1][]{part.2}{Rspec–Roles}{}% 15
\BOOKMARK [0][]{chapter.6}{6\040Design}{part.2}% 16
\BOOKMARK [0][]{chapter.7}{7\040Implementation}{part.2}% 17
\BOOKMARK [0][]{chapter.8}{8\040Evaluation}{part.2}% 18
\BOOKMARK [0][]{chapter.9}{9\040Conclusion}{part.2}% 19
\BOOKMARK [-1][]{part.3}{Appendix}{}% 20
\BOOKMARK [0][]{appendix.A}{A\040Appendix\040Test}{part.3}% 21
\BOOKMARK [0][]{dummy.7}{Bibliography}{part.3}% 22
\BOOKMARK [0][]{colophon.0}{Colophon}{part.3}% 23
\BOOKMARK [0][]{declaration.0}{Declaration}{part.3}% 24
