This is XeTeX, Version 3.1415926-2.5-0.9999.3 (TeX Live 2013) (format=xelatex 2013.11.21)  11 JUL 2014 19:02
entering extended mode
 restricted \write18 enabled.
 file:line:error style messages enabled.
 %&-line parsing enabled.
**Bibliography.tex
(./Bibliography.tex
LaTeX2e <2011/06/27>
Babel <3.9f> and hyphenation patterns for 78 languages loaded.
./Bibliography.tex:5: Undefined control sequence.
l.5 \manualmark
               
? 
./Bibliography.tex:5: Emergency stop.
l.5 \manualmark
               
End of file on the terminal!

 
Here is how much of TeX's memory you used:
 4 strings out of 493938
 62 string characters out of 6148856
 51899 words of memory out of 5000000
 3408 multiletter control sequences out of 15000+600000
 3640 words of font info for 14 fonts, out of 8000000 for 9000
 1144 hyphenation exceptions out of 8191
 5i,0n,1p,88b,8s stack positions out of 5000i,500n,10000p,200000b,80000s
No pages of output.
